Jul 16, 2022 00:51:02.925 [0x7f4c5b0c5b38] INFO - Plex Tuner Service v1.0.0.0 - Docker Docker Container (LinuxServer.io) x86_64 - build: 
Jul 16, 2022 00:51:02.925 [0x7f4c5b0c5b38] INFO - Linux version: 5.15.0-40-generic (#43-Ubuntu SMP Wed Jun 15 12:54:21 UTC 2022), language: en-US
Jul 16, 2022 00:51:02.925 [0x7f4c5b0c5b38] INFO - Processor AMD Ryzen 5 5600X 6-Core Processor             
Jul 16, 2022 00:51:02.925 [0x7f4c5b0c5b38] INFO - /usr/lib/plexmediaserver/Plex Tuner Service /usr/lib/plexmediaserver/Resources/Tuner/Private /usr/lib/plexmediaserver/Resources/Tuner/Shared 1.27.2.5929-a806c5905 32600
Jul 16, 2022 00:51:02.924 [0x7f4c5c9c6808] INFO - [I] broker_t::start...
Jul 16, 2022 00:51:02.927 [0x7f4c5c9c6808] INFO - [I] device_manager_t::init.
Jul 16, 2022 00:51:02.927 [0x7f4c5c9c6808] INFO - [I] device_manager_t::init. Initialize provider manager
Jul 16, 2022 00:51:02.927 [0x7f4c5c9c6808] INFO - [I] device_manager_t::init. Initialize all device auxes
Jul 16, 2022 00:51:02.927 [0x7f4c5c9c6808] INFO - [I] dvb_device_factory_t::get_aux_list
Jul 16, 2022 00:51:02.927 [0x7f4c5c9c6808] INFO - [I] tvbutler_aux_t::init
Jul 16, 2022 00:51:02.928 [0x7f4c5c9c6808] INFO - [I] web_server_t::start. Starting web server on port 32600
Jul 16, 2022 00:51:11.664 [0x7f4c5ae67b38] INFO - [I] web_service_t::process_device_discovery
Jul 16, 2022 00:51:11.665 [0x7f4c5ae67b38] INFO - [I] device_reactor_t::get_device_list ()
Jul 16, 2022 00:51:13.669 [0x7f4c5ae67b38] INFO - [I] SAT2IP - discover_satip_servers(): no servers found
Jul 16, 2022 00:51:14.091 [0x7f4c5ae67b38] INFO - [I] v4l::DeviceGetList_impl. getting v4l device list
Jul 16, 2022 00:51:14.092 [0x7f4c5ae67b38] INFO - [I] onetv_factory::DeviceGetListEx >>
Jul 16, 2022 00:51:14.092 [0x7f4c5ae67b38] WARN - [W] onetv_factory::DeviceGetListEx. libusb_init returned an error -99
Jul 16, 2022 01:07:19.054 [0x7f4c5c9c6808] INFO - Received SIGINT: Interrupt from keyboard.
Jul 16, 2022 01:07:19.077 [0x7f4c5c9c6808] INFO - [I] device_manager_t::term
Jul 16, 2022 01:07:19.077 [0x7f4c5c9c6808] INFO - [I] device_manager_t::term. Stop all devices
Jul 16, 2022 01:07:19.077 [0x7f4c5c9c6808] INFO - [I] device_manager_t::term. Shut down all device auxes
Jul 16, 2022 01:07:19.077 [0x7f4c5c9c6808] INFO - [I] tvbutler_aux_t::term
Jul 16, 2022 01:07:19.078 [0x7f4c5c9c6808] INFO - [I] web_server_t::stop. Web server is stopped
Jul 16, 2022 01:07:19.078 [0x7f4c5c9c6808] INFO - [I] device_manager_t::term
Jul 16, 2022 01:07:19.078 [0x7f4c5c9c6808] INFO - [I] device_manager_t::term. Stop all devices
Jul 16, 2022 01:07:19.078 [0x7f4c5c9c6808] INFO - [I] device_manager_t::term. Shut down all device auxes
Jul 16, 2022 01:07:19.078 [0x7f4c5c9c6808] INFO - [I] broker_t::shutdown. Shutdown is completed.
